# JRE version: Java(TM) SE Runtime Environment (8.0_111-b14) (build 1.8.0_111-b14)
# Java VM: Java HotSpot(TM) 64-Bit Server VM (25.111-b14 mixed mode windows-amd64 compressed oops)
Heap:
 PSYoungGen      total 228864K, used 224661K [0x00000000d5b00000, 0x00000000f1980000, 0x0000000100000000)
  eden space 212480K, 100% used [0x00000000d5b00000,0x00000000e2a80000,0x00000000e2a80000)
  from space 16384K, 74% used [0x00000000e2a80000,0x00000000e3665630,0x00000000e3a80000)
  to   space 76800K, 37% used [0x00000000ece80000,0x00000000eea77810,0x00000000f1980000)
 ParOldGen       total 334336K, used 171650K [0x0000000081000000, 0x0000000095680000, 0x00000000d5b00000)
  object space 334336K, 51% used [0x0000000081000000,0x000000008b7a09d0,0x0000000095680000)
 Metaspace       used 40588K, capacity 41010K, committed 41472K, reserved 1085440K
  class space    used 5332K, capacity 5583K, committed 5632K, reserved 1048576K
GC Heap History (10 events):
Event: 18.276 GC heap before
{Heap before GC invocations=8 (full 1):
 PSYoungGen      total 148480K, used 133120K [0x00000000d5b00000, 0x00000000dfb00000, 0x0000000100000000)
  eden space 133120K, 100% used [0x00000000d5b00000,0x00000000ddd00000,0x00000000ddd00000)
  from space 15360K, 0% used [0x00000000dec00000,0x00000000dec00000,0x00000000dfb00000)
  to   space 15360K, 0% used [0x00000000ddd00000,0x00000000ddd00000,0x00000000dec00000)
 ParOldGen       total 72704K, used 17785K [0x0000000081000000, 0x0000000085700000, 0x00000000d5b00000)
  object space 72704K, 24% used [0x0000000081000000,0x000000008215e438,0x0000000085700000)
 Metaspace       used 28654K, capacity 28778K, committed 29056K, reserved 1075200K
  class space    used 3913K, capacity 3940K, committed 3968K, reserved 1048576K
Event: 18.291 GC heap after
Heap after GC invocations=8 (full 1):
 PSYoungGen      total 148480K, used 10693K [0x00000000d5b00000, 0x00000000e4a80000, 0x0000000100000000)
  eden space 133120K, 0% used [0x00000000d5b00000,0x00000000d5b00000,0x00000000ddd00000)
  from space 15360K, 69% used [0x00000000ddd00000,0x00000000de7714a0,0x00000000dec00000)
  to   space 14848K, 0% used [0x00000000e3c00000,0x00000000e3c00000,0x00000000e4a80000)
 ParOldGen       total 72704K, used 17793K [0x0000000081000000, 0x0000000085700000, 0x00000000d5b00000)
  object space 72704K, 24% used [0x0000000081000000,0x0000000082160438,0x0000000085700000)
 Metaspace       used 28654K, capacity 28778K, committed 29056K, reserved 1075200K
  class space    used 3913K, capacity 3940K, committed 3968K, reserved 1048576K
}
Event: 19.844 GC heap before
{Heap before GC invocations=9 (full 1):
 PSYoungGen      total 148480K, used 117319K [0x00000000d5b00000, 0x00000000e4a80000, 0x0000000100000000)
  eden space 133120K, 80% used [0x00000000d5b00000,0x00000000dc320980,0x00000000ddd00000)
  from space 15360K, 69% used [0x00000000ddd00000,0x00000000de7714a0,0x00000000dec00000)
  to   space 14848K, 0% used [0x00000000e3c00000,0x00000000e3c00000,0x00000000e4a80000)
 ParOldGen       total 72704K, used 17793K [0x0000000081000000, 0x0000000085700000, 0x00000000d5b00000)
  object space 72704K, 24% used [0x0000000081000000,0x0000000082160438,0x0000000085700000)
 Metaspace       used 34915K, capacity 35268K, committed 35496K, reserved 1079296K
  class space    used 4587K, capacity 4827K, committed 4864K, reserved 1048576K
Event: 19.853 GC heap after
Heap after GC invocations=9 (full 1):
 PSYoungGen      total 224768K, used 14490K [0x00000000d5b00000, 0x00000000e4a80000, 0x0000000100000000)
  eden space 209920K, 0% used [0x00000000d5b00000,0x00000000d5b00000,0x00000000e2800000)
  from space 14848K, 97% used [0x00000000e3c00000,0x00000000e4a26a00,0x00000000e4a80000)
  to   space 16384K, 0% used [0x00000000e2a80000,0x00000000e2a80000,0x00000000e3a80000)
 ParOldGen       total 72704K, used 17809K [0x0000000081000000, 0x0000000085700000, 0x00000000d5b00000)
  object space 72704K, 24% used [0x0000000081000000,0x0000000082164438,0x0000000085700000)
 Metaspace       used 34915K, capacity 35268K, committed 35496K, reserved 1079296K
  class space    used 4587K, capacity 4827K, committed 4864K, reserved 1048576K
}
Event: 19.853 GC heap before
{Heap before GC invocations=10 (full 2):
 PSYoungGen      total 224768K, used 14490K [0x00000000d5b00000, 0x00000000e4a80000, 0x0000000100000000)
  eden space 209920K, 0% used [0x00000000d5b00000,0x00000000d5b00000,0x00000000e2800000)
  from space 14848K, 97% used [0x00000000e3c00000,0x00000000e4a26a00,0x00000000e4a80000)
  to   space 16384K, 0% used [0x00000000e2a80000,0x00000000e2a80000,0x00000000e3a80000)
 ParOldGen       total 72704K, used 17809K [0x0000000081000000, 0x0000000085700000, 0x00000000d5b00000)
  object space 72704K, 24% used [0x0000000081000000,0x0000000082164438,0x0000000085700000)
 Metaspace       used 34915K, capacity 35268K, committed 35496K, reserved 1079296K
  class space    used 4587K, capacity 4827K, committed 4864K, reserved 1048576K
Event: 19.940 GC heap after
Heap after GC invocations=10 (full 2):
 PSYoungGen      total 224768K, used 0K [0x00000000d5b00000, 0x00000000e4a80000, 0x0000000100000000)
  eden space 209920K, 0% used [0x00000000d5b00000,0x00000000d5b00000,0x00000000e2800000)
  from space 14848K, 0% used [0x00000000e3c00000,0x00000000e3c00000,0x00000000e4a80000)
  to   space 16384K, 0% used [0x00000000e2a80000,0x00000000e2a80000,0x00000000e3a80000)
 ParOldGen       total 102400K, used 25965K [0x0000000081000000, 0x0000000087400000, 0x00000000d5b00000)
  object space 102400K, 25% used [0x0000000081000000,0x000000008295b5a8,0x0000000087400000)
 Metaspace       used 34900K, capacity 35222K, committed 35496K, reserved 1079296K
  class space    used 4583K, capacity 4793K, committed 4864K, reserved 1048576K
}
Event: 20.444 GC heap before
{Heap before GC invocations=11 (full 2):
 PSYoungGen      total 224768K, used 209920K [0x00000000d5b00000, 0x00000000e4a80000, 0x0000000100000000)
  eden space 209920K, 100% used [0x00000000d5b00000,0x00000000e2800000,0x00000000e2800000)
  from space 14848K, 0% used [0x00000000e3c00000,0x00000000e3c00000,0x00000000e4a80000)
  to   space 16384K, 0% used [0x00000000e2a80000,0x00000000e2a80000,0x00000000e3a80000)
 ParOldGen       total 102400K, used 25965K [0x0000000081000000, 0x0000000087400000, 0x00000000d5b00000)
  object space 102400K, 25% used [0x0000000081000000,0x000000008295b5a8,0x0000000087400000)
 Metaspace       used 36325K, capacity 36680K, committed 36992K, reserved 1081344K
  class space    used 4787K, capacity 4956K, committed 4992K, reserved 1048576K
Event: 20.507 GC heap after
Heap after GC invocations=11 (full 2):
 PSYoungGen      total 228864K, used 16373K [0x00000000d5b00000, 0x00000000f1980000, 0x0000000100000000)
  eden space 212480K, 0% used [0x00000000d5b00000,0x00000000d5b00000,0x00000000e2a80000)
  from space 16384K, 99% used [0x00000000e2a80000,0x00000000e3a7d7f0,0x00000000e3a80000)
  to   space 76800K, 0% used [0x00000000ece80000,0x00000000ece80000,0x00000000f1980000)
 ParOldGen       total 172032K, used 171171K [0x0000000081000000, 0x000000008b800000, 0x00000000d5b00000)
  object space 172032K, 99% used [0x0000000081000000,0x000000008b728e38,0x000000008b800000)
 Metaspace       used 36325K, capacity 36680K, committed 36992K, reserved 1081344K
  class space    used 4787K, capacity 4956K, committed 4992K, reserved 1048576K
}
Event: 20.507 GC heap before
{Heap before GC invocations=12 (full 3):
 PSYoungGen      total 228864K, used 16373K [0x00000000d5b00000, 0x00000000f1980000, 0x0000000100000000)
  eden space 212480K, 0% used [0x00000000d5b00000,0x00000000d5b00000,0x00000000e2a80000)
  from space 16384K, 99% used [0x00000000e2a80000,0x00000000e3a7d7f0,0x00000000e3a80000)
  to   space 76800K, 0% used [0x00000000ece80000,0x00000000ece80000,0x00000000f1980000)
 ParOldGen       total 172032K, used 171171K [0x0000000081000000, 0x000000008b800000, 0x00000000d5b00000)
  object space 172032K, 99% used [0x0000000081000000,0x000000008b728e38,0x000000008b800000)
 Metaspace       used 36325K, capacity 36680K, committed 36992K, reserved 1081344K
  class space    used 4787K, capacity 4956K, committed 4992K, reserved 1048576K
Event: 20.702 GC heap after
Heap after GC invocations=12 (full 3):
 PSYoungGen      total 228864K, used 12181K [0x00000000d5b00000, 0x00000000f1980000, 0x0000000100000000)
  eden space 212480K, 0% used [0x00000000d5b00000,0x00000000d5b00000,0x00000000e2a80000)
  from space 16384K, 74% used [0x00000000e2a80000,0x00000000e3665630,0x00000000e3a80000)
  to   space 76800K, 0% used [0x00000000ece80000,0x00000000ece80000,0x00000000f1980000)
 ParOldGen       total 334336K, used 171642K [0x0000000081000000, 0x0000000095680000, 0x00000000d5b00000)
  object space 334336K, 51% used [0x0000000081000000,0x000000008b79e9d0,0x0000000095680000)
 Metaspace       used 36321K, capacity 36674K, committed 36992K, reserved 1081344K
  class space    used 4787K, capacity 4955K, committed 4992K, reserved 1048576K
}

