<?xml version="1.0" encoding="UTF-8"?>
<testsuite xmlns:xsi="http://www.w3.org/2001/XMLSchema-instance" xsi:noNamespaceSchemaLocation="https://maven.apache.org/surefire/maven-surefire-plugin/xsd/surefire-test-report.xsd" name="com.mulesoft.training.HelloMavenTest" time="3.758" tests="1" errors="0" skipped="0" failures="1">
  <properties>
[...]
</properties>
  <testcase name="mavenFlowReturnsHelloMaven" classname="com.mulesoft.training.HelloMavenTest" time="3.088">
    <failure message="expected:&lt;Hello [Maven]&gt; but was:&lt;Hello [World]&gt;" type="org.junit.ComparisonFailure"><![CDATA[org.junit.ComparisonFailure: expected:<Hello [Maven]> but was:<Hello [World]>
	at com.mulesoft.training.HelloMavenTest.mavenFlowReturnsHelloMaven(HelloMavenTest.java:12)
]]></failure>
    <system-out><![CDATA[
================================================================================
= Testing: mavenFlowReturnsHelloMaven                                          =
================================================================================
INFO  2017-05-30 14:17:22,927 [Time-limited test] com.mulesoft.training.HelloMavenTest: Using working directory for test: C:\Users\khanif\AppData\Local\Temp\junit2430108775226154349
INFO  2017-05-30 14:17:23,042 [Time-limited test] org.mule.lifecycle.AbstractLifecycleManager: Initialising RegistryBroker
INFO  2017-05-30 14:17:23,179 [Time-limited test] org.mule.config.spring.MuleArtifactContext: Refreshing org.mule.config.spring.MuleArtifactContext@223dfa65: startup date [Tue May 30 14:17:23 EDT 2017]; root of context hierarchy
INFO  2017-05-30 14:17:24,210 [Time-limited test] org.mule.config.spring.processors.NoDevkitInjectorProcessor: JSR-330 'javax.inject.Inject' annotation found and supported for autowiring
INFO  2017-05-30 14:17:25,116 [Time-limited test] org.mule.util.journal.TransactionJournal: Using files for tx logs C:\Users\khanif\AppData\Local\Temp\junit2430108775226154349\queue-tx-log\tx1.log and C:\Users\khanif\AppData\Local\Temp\junit2430108775226154349\queue-tx-log\tx2.log
INFO  2017-05-30 14:17:25,126 [Time-limited test] org.mule.util.journal.TransactionJournal: Using files for tx logs C:\Users\khanif\AppData\Local\Temp\junit2430108775226154349\queue-xa-tx-log\tx1.log and C:\Users\khanif\AppData\Local\Temp\junit2430108775226154349\queue-xa-tx-log\tx2.log
INFO  2017-05-30 14:17:25,129 [Time-limited test] org.mule.lifecycle.AbstractLifecycleManager: Initialising model: _muleSystemModel
INFO  2017-05-30 14:17:25,132 [Time-limited test] org.mule.construct.FlowConstructLifecycleManager: Initialising flow: mavenFlow
INFO  2017-05-30 14:17:25,132 [Time-limited test] org.mule.exception.DefaultMessagingExceptionStrategy: Initialising exception listener: org.mule.exception.DefaultMessagingExceptionStrategy@54c8c287
INFO  2017-05-30 14:17:25,150 [Time-limited test] org.mule.processor.SedaStageLifecycleManager: Initialising service: mavenFlow.stage1
INFO  2017-05-30 14:17:25,208 [Time-limited test] org.mule.config.spring.SpringXmlConfigurationBuilder: Configured Mule using "org.mule.config.spring.SpringXmlConfigurationBuilder" with configuration resource(s): "[ConfigResource{resourceName='maven-project.xml'}]"
INFO  2017-05-30 14:17:25,210 [Time-limited test] org.mule.util.queue.QueueXaResourceManager: Starting ResourceManager
INFO  2017-05-30 14:17:25,210 [Time-limited test] org.mule.util.queue.QueueXaResourceManager: Started ResourceManager
INFO  2017-05-30 14:17:25,245 [Time-limited test] org.mule.module.http.internal.listener.DefaultHttpListenerConfig: Listening for requests on http://0.0.0.0:8081
INFO  2017-05-30 14:17:25,247 [Time-limited test] org.mule.lifecycle.AbstractLifecycleManager: Starting model: _muleSystemModel
INFO  2017-05-30 14:17:25,249 [Time-limited test] org.mule.construct.FlowConstructLifecycleManager: Starting flow: mavenFlow
INFO  2017-05-30 14:17:25,249 [Time-limited test] org.mule.processor.SedaStageLifecycleManager: Starting service: mavenFlow.stage1
INFO  2017-05-30 14:17:25,272 [Time-limited test] org.mule.DefaultMuleContext: 
**********************************************************************
* Mule Runtime and Integration Platform                              *
* Version: 3.8.4 Build: 0fc91f08                                     *
* MuleSoft, Inc.                                                     *
* For more information go to http://www.mulesoft.org                 *
*                                                                    *
* Server started: 5/30/17 2:17 PM                                    *
* Server ID: 39eba480-4564-11e7-b850-025041000001                    *
* JDK: 1.8.0_111 (mixed mode)                                        *
* OS encoding: Cp1252, Mule encoding: UTF-8                          *
* OS: Windows 7 - Service Pack 1 (6.1, amd64)                        *
* Host: REX03383N (172.20.189.252)                                   *
*                                                                    *
* Agents Running: None                                               *
**********************************************************************
WARN  2017-05-30 14:17:25,278 [Time-limited test] org.mule.model.seda.SedaModel: The <model> element is deprecated in Mule 3.4 and will be removed in Mule 4.0.  Flows do not need to be configured inside a <model> element. 
INFO  2017-05-30 14:17:25,278 [Time-limited test] org.mule.lifecycle.AbstractLifecycleManager: Initialising model: main
INFO  2017-05-30 14:17:25,279 [Time-limited test] org.mule.lifecycle.AbstractLifecycleManager: Starting model: main
WARN  2017-05-30 14:17:25,293 [Time-limited test] org.mule.model.seda.SedaService: Services (SedaService or any custom implementation) are deprecated in Mule 3.4 and will be removed in Mule 4.0. 
INFO  2017-05-30 14:17:25,293 [Time-limited test] org.mule.service.ServiceLifecycleManager: Initialising service: appleService
INFO  2017-05-30 14:17:25,300 [Time-limited test] org.mule.exception.DefaultMessagingExceptionStrategy: Initialising exception listener: org.mule.exception.DefaultMessagingExceptionStrategy@61495ad1
INFO  2017-05-30 14:17:25,300 [Time-limited test] org.mule.component.ComponentLifecycleManager: Initialising component: component.744824965
INFO  2017-05-30 14:17:25,301 [Time-limited test] org.mule.processor.SedaStageLifecycleManager: Initialising service: appleService
INFO  2017-05-30 14:17:25,302 [Time-limited test] org.mule.service.ServiceLifecycleManager: Starting service: appleService
INFO  2017-05-30 14:17:25,303 [Time-limited test] org.mule.component.ComponentLifecycleManager: Starting component: component.744824965
INFO  2017-05-30 14:17:25,310 [Time-limited test] org.mule.processor.SedaStageLifecycleManager: Starting service: appleService
INFO  2017-05-30 14:17:25,330 [Time-limited test] org.mule.lifecycle.AbstractLifecycleManager: Initialising connector: testConnector
INFO  2017-05-30 14:17:25,356 [Time-limited test] org.mule.tck.testmodels.mule.TestConnector: Connected: TestConnector
{
  name=testConnector
  lifecycle=initialise
  this=45321f9
  numberOfConcurrentTransactedReceivers=4
  createMultipleTransactedReceivers=true
  connected=true
  supportedProtocols=[test]
  serviceOverrides=<none>
}

INFO  2017-05-30 14:17:25,356 [Time-limited test] org.mule.tck.testmodels.mule.TestConnector: Starting: TestConnector
{
  name=testConnector
  lifecycle=initialise
  this=45321f9
  numberOfConcurrentTransactedReceivers=4
  createMultipleTransactedReceivers=true
  connected=true
  supportedProtocols=[test]
  serviceOverrides=<none>
}

INFO  2017-05-30 14:17:25,357 [Time-limited test] org.mule.lifecycle.AbstractLifecycleManager: Starting connector: testConnector
INFO  2017-05-30 14:17:25,398 [Time-limited test] org.mule.construct.FlowConstructLifecycleManager: Stopping flow: mavenFlow
INFO  2017-05-30 14:17:25,399 [Time-limited test] org.mule.processor.SedaStageLifecycleManager: Stopping service: mavenFlow.stage1
INFO  2017-05-30 14:17:25,454 [Time-limited test] org.mule.service.ServiceLifecycleManager: Stopping service: appleService
INFO  2017-05-30 14:17:25,454 [Time-limited test] org.mule.processor.SedaStageLifecycleManager: Stopping service: appleService
INFO  2017-05-30 14:17:25,512 [Time-limited test] org.mule.component.ComponentLifecycleManager: Stopping component: component.744824965
INFO  2017-05-30 14:17:25,514 [Time-limited test] org.mule.lifecycle.AbstractLifecycleManager: Stopping model: _muleSystemModel
INFO  2017-05-30 14:17:25,550 [Time-limited test] org.mule.module.http.internal.listener.DefaultHttpListenerConfig: Stopped listener on http://0.0.0.0:8081
INFO  2017-05-30 14:17:25,551 [Time-limited test] org.mule.util.queue.QueueXaResourceManager: Stopping ResourceManager
INFO  2017-05-30 14:17:25,551 [Time-limited test] org.mule.util.queue.QueueXaResourceManager: Stopped ResourceManager
INFO  2017-05-30 14:17:25,553 [Time-limited test] org.mule.lifecycle.AbstractLifecycleManager: Disposing RegistryBroker
INFO  2017-05-30 14:17:25,554 [Time-limited test] org.mule.construct.FlowConstructLifecycleManager: Disposing flow: mavenFlow
INFO  2017-05-30 14:17:25,555 [Time-limited test] org.mule.processor.SedaStageLifecycleManager: Disposing service: mavenFlow.stage1
INFO  2017-05-30 14:17:25,555 [Time-limited test] org.mule.service.ServiceLifecycleManager: Disposing service: appleService
INFO  2017-05-30 14:17:25,556 [Time-limited test] org.mule.component.ComponentLifecycleManager: Disposing component: component.744824965
INFO  2017-05-30 14:17:25,556 [Time-limited test] org.mule.processor.SedaStageLifecycleManager: Disposing service: appleService
INFO  2017-05-30 14:17:25,557 [Time-limited test] org.mule.lifecycle.AbstractLifecycleManager: Disposing model: _muleSystemModel
INFO  2017-05-30 14:17:25,629 [Time-limited test] org.mule.config.spring.MuleArtifactContext: Closing org.mule.config.spring.MuleArtifactContext@223dfa65: startup date [Tue May 30 14:17:23 EDT 2017]; root of context hierarchy
INFO  2017-05-30 14:17:25,762 [Time-limited test] org.mule.DefaultMuleContext: 
**********************************************************************
* Mule Context shut down normally on: 5/30/17 2:17 PM                *
* Server was up for: 0 days, 0 hours, 0 mins, 0.550 sec              *
**********************************************************************
]]></system-out>
  </testcase>
</testsuite>